[    0.000000] Linux version 4.10.0-13-generic (buildd@lgw01-19) (gcc version 5.4.0 20160609 (Ubuntu 5.4.0-6ubuntu1~16.04.4) ) #15~16.04.2-Ubuntu SMP Mon Mar 13 19:00:22 UTC 2017 (Ubuntu 4.10.0-13.15~16.04.2-generic 4.10.1)
[    0.000000] Command line: BOOT_IMAGE=/boot/vmlinuz-4.10.0-13-generic root=UUID=59da5b94-24e1-439f-87c4-bb7f554f2833 ro console=tty1 console=ttyS0
[    0.000000] KERNEL supported cpus:
[    0.000000]   Intel GenuineIntel
[    0.000000]   AMD AuthenticAMD
[    0.000000]   Centaur CentaurHauls
[    0.000000] x86/fpu: Supporting XSAVE feature 0x001: 'x87 floating point registers'
[    0.000000] x86/fpu: Supporting XSAVE feature 0x002: 'SSE registers'
[    0.000000] x86/fpu: Supporting XSAVE feature 0x004: 'AVX registers'
[    0.000000] x86/fpu: xstate_offset[2]:  576, xstate_sizes[2]:  256
[    0.000000] x86/fpu: Enabled xstate features 0x7, context size is 832 bytes, using 'standard' format.
[    0.000000] e820: BIOS-provided physical RAM map:
[    0.000000] BIOS-e820: [mem 0x0000000000000000-0x000000000009fbff] usable
[    0.000000] BIOS-e820: [mem 0x000000000009fc00-0x000000000009ffff] reserved
[    0.000000] BIOS-e820: [mem 0x00000000000f0000-0x00000000000fffff] reserved
[    0.000000] BIOS-e820: [mem 0x0000000000100000-0x000000007ffeffff] usable
[    0.000000] BIOS-e820: [mem 0x000000007fff0000-0x000000007fffffff] ACPI data
[    0.000000] BIOS-e820: [mem 0x00000000fffc0000-0x00000000ffffffff] reserved
[    0.000000] NX (Execute Disable) protection: active
[    0.000000] SMBIOS 2.5 present.
[    0.000000] DMI: innotek GmbH VirtualBox/VirtualBox, BIOS VirtualBox 12/01/2006
[    0.000000] Hypervisor detected: KVM
[    0.000000] e820: last_pfn = 0x7fff0 max_arch_pfn = 0x400000000
[    0.000000] MTRR: Disabled
[    0.000000] x86/PAT: MTRRs disabled, skipping PAT initialization too.
[    0.000000] x86/PAT: Configuration [0-7]: WB  WT  UC- UC  WB  WT  UC- UC  
[    0.000000] CPU MTRRs all blank - virtualized system.
[    0.000000] found SMP MP-table at [mem 0x0009fff0-0x0009ffff] mapped at [ffff94290009fff0]
[    0.000000] Scanning 1 areas for low memory corruption
[    0.000000] RAMDISK: [mem 0x3615e000-0x370a6fff]
[    0.000000] ACPI: Early table checksum verification disabled
[    0.000000] ACPI: RSDP 0x00000000000E0000 000024 (v02 VBOX  )
[    0.000000] ACPI: XSDT 0x000000007FFF0030 00003C (v01 VBOX   VBOXXSDT 00000001 ASL  00000061)
[    0.000000] ACPI: FACP 0x000000007FFF00F0 0000F4 (v04 VBOX   VBOXFACP 00000001 ASL  00000061)
[    0.000000] ACPI: DSDT 0x000000007FFF0470 002118 (v01 VBOX   VBOXBIOS 00000002 INTL 20100528)
[    0.000000] ACPI: FACS 0x000000007FFF0200 000040
[    0.000000] ACPI: FACS 0x000000007FFF0200 000040
[    0.000000] ACPI: APIC 0x000000007FFF0240 000054 (v02 VBOX   VBOXAPIC 00000001 ASL  00000061)
[    0.000000] ACPI: SSDT 0x000000007FFF02A0 0001CC (v01 VBOX   VBOXCPUT 00000002 INTL 20100528)
[    0.000000] No NUMA configuration found
[    0.000000] Faking a node at [mem 0x0000000000000000-0x000000007ffeffff]
[    0.000000] NODE_DATA(0) allocated [mem 0x7ffc5000-0x7ffeffff]
[    0.000000] kvm-clock: Using msrs 4b564d01 and 4b564d00
[    0.000000] kvm-clock: cpu 0, msr 0:7ff45001, primary cpu clock
[    0.000000] kvm-clock: using sched offset of 4366766048 cycles
[    0.000000] clocksource: kvm-clock: mask: 0xffffffffffffffff max_cycles: 0x1cd42e4dffb, max_idle_ns: 881590591483 ns
[    0.000000] Zone ranges:
[    0.000000]   DMA      [mem 0x0000000000001000-0x0000000000ffffff]
[    0.000000]   DMA32    [mem 0x0000000001000000-0x000000007ffeffff]
[    0.000000]   Normal   empty
[    0.000000]   Device   empty
[    0.000000] Movable zone start for each node
[    0.000000] Early memory node ranges
[    0.000000]   node   0: [mem 0x0000000000001000-0x000000000009efff]
[    0.000000]   node   0: [mem 0x0000000000100000-0x000000007ffeffff]
[    0.000000] Initmem setup node 0 [mem 0x0000000000001000-0x000000007ffeffff]
[    0.000000] ACPI: PM-Timer IO Port: 0x4008
[    0.000000] IOAPIC[0]: apic_id 1, version 17, address 0xfec00000, GSI 0-23
[    0.000000] ACPI: INT_SRC_OVR (bus 0 bus_irq 0 global_irq 2 dfl dfl)
[    0.000000] ACPI: INT_SRC_OVR (bus 0 bus_irq 9 global_irq 9 high level)
[    0.000000] Using ACPI (MADT) for SMP configuration information
[    0.000000] smpboot: Allowing 1 CPUs, 0 hotplug CPUs
[    0.000000] PM: Registered nosave memory: [mem 0x00000000-0x00000fff]
[    0.000000] PM: Registered nosave memory: [mem 0x0009f000-0x0009ffff]
[    0.000000] PM: Registered nosave memory: [mem 0x000a0000-0x000effff]
[    0.000000] PM: Registered nosave memory: [mem 0x000f0000-0x000fffff]
[    0.000000] e820: [mem 0x80000000-0xfffbffff] available for PCI devices
[    0.000000] Booting paravirtualized kernel on KVM
[    0.000000] clocksource: refined-jiffies: mask: 0xffffffff max_cycles: 0xffffffff, max_idle_ns: 7645519600211568 ns
[    0.000000] setup_percpu: NR_CPUS:8192 nr_cpumask_bits:1 nr_cpu_ids:1 nr_node_ids:1
[    0.000000] percpu: Embedded 36 pages/cpu @ffff94297fc00000 s107800 r8192 d31464 u2097152
[    0.000000] PV qspinlock hash table entries: 256 (order: 0, 4096 bytes)
[    0.000000] Built 1 zonelists in Node order, mobility grouping on.  Total pages: 515961
[    0.000000] Policy zone: DMA32
[    0.000000] Kernel command line: BOOT_IMAGE=/boot/vmlinuz-4.10.0-13-generic root=UUID=59da5b94-24e1-439f-87c4-bb7f554f2833 ro console=tty1 console=ttyS0
[    0.000000] PID hash table entries: 4096 (order: 3, 32768 bytes)
[    0.000000] Memory: 2026620K/2096696K available (8804K kernel code, 1665K rwdata, 3832K rodata, 2220K init, 2364K bss, 70076K reserved, 0K cma-reserved)
[    0.000000] SLUB: HWalign=64, Order=0-3, MinObjects=0, CPUs=1, Nodes=1
[    0.000000] Hierarchical RCU implementation.
[    0.000000] 	Build-time adjustment of leaf fanout to 64.
[    0.000000] 	RCU restricting CPUs from NR_CPUS=8192 to nr_cpu_ids=1.
[    0.000000] RCU: Adjusting geometry for rcu_fanout_leaf=64, nr_cpu_ids=1
[    0.000000] NR_IRQS:524544 nr_irqs:256 16
[    0.000000] Console: colour VGA+ 80x25
[    0.000000] console [tty1] enabled
[    0.000000] console [ttyS0] enabled
[    0.000000] tsc: Detected 2294.770 MHz processor
[    1.776647] Calibrating delay loop (skipped) preset value.. 4589.54 BogoMIPS (lpj=9179080)
[    1.782077] pid_max: default: 32768 minimum: 301
[    1.888972] ACPI: Core revision 20160930
[    1.900024] ACPI: 2 ACPI AML tables successfully acquired and loaded
[    2.041135] Security Framework initialized
[    2.209421] Yama: becoming mindful.
[    2.334401] AppArmor: AppArmor initialized
[    2.343200] Dentry cache hash table entries: 262144 (order: 9, 2097152 bytes)
[    2.348593] Inode-cache hash table entries: 131072 (order: 8, 1048576 bytes)
[    2.494421] Mount-cache hash table entries: 4096 (order: 3, 32768 bytes)
[    2.511160] Mountpoint-cache hash table entries: 4096 (order: 3, 32768 bytes)
[    2.662545] CPU: Physical Processor ID: 0
[    2.803187] mce: CPU supports 0 MCE banks
[    2.948837] process: using mwait in idle threads
[    3.113259] Last level iTLB entries: 4KB 512, 2MB 8, 4MB 8
[    3.263414] Last level dTLB entries: 4KB 512, 2MB 32, 4MB 32, 1GB 0
[    3.577234] Freeing SMP alternatives memory: 32K
[    3.604051] ftrace: allocating 34171 entries in 134 pages
[    3.888101] smpboot: Max logical packages: 1
[    3.977074] ..TIMER: vector=0x30 apic1=0 pin1=2 apic2=-1 pin2=-1
[    4.155392] APIC calibration not consistent with PM-Timer: 163ms instead of 100ms
[    4.171808] APIC delta adjusted to PM-Timer: 6250075 (10249835)
[    4.279048] smpboot: CPU0: Intel(R) Core(TM) i7-3615QM CPU @ 2.30GHz (family: 0x6, model: 0x3a, stepping: 0x9)
[    4.408727] Performance Events: unsupported p6 CPU model 58 no PMU driver, software events only.
[    4.562516] KVM setup paravirtual spinlock
[    4.570705] smp: Bringing up secondary CPUs ...
[    4.572592] smp: Brought up 1 node, 1 CPU
[    4.712029] smpboot: Total of 1 processors activated (4589.54 BogoMIPS)
[    4.716399] devtmpfs: initialized
[    4.726923] x86/mm: Memory block size: 128MB
[    4.843548] evm: security.selinux
[    4.853389] evm: security.SMACK64
[    4.854553] evm: security.SMACK64EXEC
[    4.984236] evm: security.SMACK64TRANSMUTE
[    5.164504] evm: security.SMACK64MMAP
[    5.165750] evm: security.ima
[    5.166810] evm: security.capability
[    5.167956] clocksource: jiffies: mask: 0xffffffff max_cycles: 0xffffffff, max_idle_ns: 7645041785100000 ns
[    5.312179] futex hash table entries: 256 (order: 2, 16384 bytes)
[    5.440656] pinctrl core: initialized pinctrl subsystem
[    5.448527] RTC time:  6:25:48, date: 04/10/17
[    5.449629] NET: Registered protocol family 16
[    5.454101] cpuidle: using governor ladder
[    5.528373] cpuidle: using governor menu
[    5.532679] PCCT header not found.
[    5.543995] ACPI: bus type PCI registered
[    5.652219] acpiphp: ACPI Hot Plug PCI Controller Driver version: 0.5
[    5.657496] PCI: Using configuration type 1 for base access
[    5.761027] HugeTLB registered 2 MB page size, pre-allocated 0 pages
[    5.895738] ACPI: Added _OSI(Module Device)
[    5.896912] ACPI: Added _OSI(Processor Device)
[    5.897927] ACPI: Added _OSI(3.0 _SCP Extensions)
[    5.899107] ACPI: Added _OSI(Processor Aggregator Device)
[    6.017409] ACPI: Executed 1 blocks of module-level executable AML code
[    6.156695] ACPI: Interpreter enabled
[    6.160887] ACPI: (supports S0 S5)
[    6.162010] ACPI: Using IOAPIC for interrupt routing
[    6.163634] PCI: Using host bridge windows from ACPI; if necessary, use "pci=nocrs" and report a bug
[    6.267415] ACPI: PCI Root Bridge [PCI0] (domain 0000 [bus 00-ff])
[    6.401634] acpi PNP0A03:00: _OSC: OS supports [ASPM ClockPM Segments MSI]
[    6.544045] acpi PNP0A03:00: _OSC failed (AE_NOT_FOUND); disabling ASPM
[    6.546169] acpi PNP0A03:00: fail to add MMCONFIG information, can't access extended PCI configuration space under this bridge.
[    6.560604] PCI host bridge to bus 0000:00
[    6.563418] pci_bus 0000:00: root bus resource [io  0x0000-0x0cf7 window]
[    6.667703] pci_bus 0000:00: root bus resource [io  0x0d00-0xffff window]
[    6.811657] pci_bus 0000:00: root bus resource [mem 0x000a0000-0x000bffff window]
[    6.945048] pci_bus 0000:00: root bus resource [mem 0x80000000-0xffdfffff window]
[    7.065271] pci_bus 0000:00: root bus resource [bus 00-ff]
[    7.079590] pci 0000:00:01.1: legacy IDE quirk: reg 0x10: [io  0x01f0-0x01f7]
[    7.201570] pci 0000:00:01.1: legacy IDE quirk: reg 0x14: [io  0x03f6]
[    7.341202] pci 0000:00:01.1: legacy IDE quirk: reg 0x18: [io  0x0170-0x0177]
[    7.460652] pci 0000:00:01.1: legacy IDE quirk: reg 0x1c: [io  0x0376]
[    7.708126] ACPI: PCI Interrupt Link [LNKA] (IRQs 5 9 10 11) *0, disabled.
[    7.746670] ACPI: PCI Interrupt Link [LNKB] (IRQs 5 9 10 *11)
[    7.751482] ACPI: PCI Interrupt Link [LNKC] (IRQs 5 9 *10 11)
[    7.895488] ACPI: PCI Interrupt Link [LNKD] (IRQs 5 *9 10 11)
[    7.903904] ACPI: Enabled 2 GPEs in block 00 to 07
[    8.051595] SCSI subsystem initialized
[    8.165173] pci 0000:00:02.0: vgaarb: setting as boot VGA device
[    8.299200] pci 0000:00:02.0: vgaarb: VGA device added: decodes=io+mem,owns=io+mem,locks=none
[    8.316187] pci 0000:00:02.0: vgaarb: bridge control possible
[    8.420204] vgaarb: loaded
[    8.535589] ACPI: bus type USB registered
[    8.544501] usbcore: registered new interface driver usbfs
[    8.546940] usbcore: registered new interface driver hub
[    8.695449] usbcore: registered new device driver usb
[    8.701163] PCI: Using ACPI for IRQ routing
[    8.844853] NetLabel: Initializing
[    8.968333] NetLabel:  domain hash size = 128
[    9.123697] NetLabel:  protocols = UNLABELED CIPSOv4 CALIPSO
[    9.126615] NetLabel:  unlabeled traffic allowed by default
[    9.280098] clocksource: Switched to clocksource kvm-clock
[    9.413438] VFS: Disk quotas dquot_6.6.0
[    9.418220] VFS: Dquot-cache hash table entries: 512 (order 0, 4096 bytes)
[    9.419736] AppArmor: AppArmor Filesystem Enabled
[    9.421254] pnp: PnP ACPI init
[    9.423615] pnp: PnP ACPI: found 3 devices
[    9.652960] clocksource: acpi_pm: mask: 0xffffff max_cycles: 0xffffff, max_idle_ns: 2085701024 ns
[    9.704795] NET: Registered protocol family 2
[    9.854690] TCP established hash table entries: 16384 (order: 5, 131072 bytes)
[    9.991704] TCP bind hash table entries: 16384 (order: 6, 262144 bytes)
[   10.141929] TCP: Hash tables configured (established 16384 bind 16384)
[   10.145533] UDP hash table entries: 1024 (order: 3, 32768 bytes)
[   10.146895] UDP-Lite hash table entries: 1024 (order: 3, 32768 bytes)
[   10.273617] NET: Registered protocol family 1
[   10.289234] pci 0000:00:00.0: Limiting direct PCI/PCI transfers
[   10.291144] pci 0000:00:01.0: Activating ISA DMA hang workarounds
[   10.434859] pci 0000:00:02.0: Video device with shadowed ROM at [mem 0x000c0000-0x000dffff]
[   10.587400] Unpacking initramfs...
[   11.142842] Freeing initrd memory: 15652K
[   11.153860] platform rtc_cmos: registered platform RTC device (no PNP device found)
[   11.170534] Scanning for low memory corruption every 60 seconds
[   11.174294] audit: initializing netlink subsys (disabled)
[   11.296234] Initialise system trusted keyrings
[   11.299432] audit: type=2000 audit(1491805552.297:1): initialized
[   11.305989] workingset: timestamp_bits=36 max_order=19 bucket_order=0
[   11.444631] zbud: loaded
[   11.446059] squashfs: version 4.0 (2009/01/31) Phillip Lougher
[   11.585041] fuse init (API version 7.26)
[   11.588808] Key type asymmetric registered
[   11.720901] Asymmetric key parser 'x509' registered
[   11.726774] Block layer SCSI generic (bsg) driver version 0.4 loaded (major 248)
[   11.880103] io scheduler noop registered
[   11.991770] io scheduler deadline registered
[   12.000482] io scheduler cfq registered (default)
[   12.117002] ACPI: AC Adapter [AC] (on-line)
[   12.126224] input: Power Button as /devices/LNXSYSTM:00/LNXPWRBN:00/input/input0
[   12.130754] ACPI: Power Button [PWRF]
[   12.244662] tsc: Refined TSC clocksource calibration: 2295.770 MHz
[   12.246225] clocksource: tsc: mask: 0xffffffffffffffff max_cycles: 0x21179917965, max_idle_ns: 440795204568 ns
[   12.365526] input: Sleep Button as /devices/LNXSYSTM:00/LNXSLPBN:00/input/input1
[   12.476384] ACPI: Sleep Button [SLPF]
[   12.491548] GHES: HEST is not enabled!
[   12.570939] Serial: 8250/16550 driver, 32 ports, IRQ sharing enabled
[   12.866707] 00:02: ttyS0 at I/O 0x3f8 (irq = 4, base_baud = 115200) is a 16550A
[   12.890483] Linux agpgart interface v0.103
[   12.895212] loop: module loaded
[   13.008500] scsi host0: ata_piix
[   13.010081] scsi host1: ata_piix
[   13.151908] ata1: PATA max UDMA/33 cmd 0x1f0 ctl 0x3f6 bmdma 0xd000 irq 14
[   13.261426] ata2: PATA max UDMA/33 cmd 0x170 ctl 0x376 bmdma 0xd008 irq 15
[   13.384566] libphy: Fixed MDIO Bus: probed
[   13.463082] tun: Universal TUN/TAP device driver, 1.6
[   13.466068] tun: (C) 1999-2004 Max Krasnyansky <maxk@qualcomm.com>
[   13.474445] PPP generic driver version 2.4.2
[   13.613771] ehci_hcd: USB 2.0 'Enhanced' Host Controller (EHCI) Driver
[   13.719674] ehci-pci: EHCI PCI platform driver
[   13.826980] ehci-platform: EHCI generic platform driver
[   13.832186] ohci_hcd: USB 1.1 'Open' Host Controller (OHCI) Driver
[   13.957428] ohci-pci: OHCI PCI platform driver
[   14.045210] ohci-platform: OHCI generic platform driver
[   14.056470] uhci_hcd: USB Universal Host Controller Interface driver
[   14.136181] i8042: PNP: PS/2 Controller [PNP0303:PS2K,PNP0f03:PS2M] at 0x60,0x64 irq 1,12
[   14.214030] serio: i8042 KBD port at 0x60,0x64 irq 1
[   14.308930] serio: i8042 AUX port at 0x60,0x64 irq 12
[   14.316228] mousedev: PS/2 mouse device common for all mice
[   14.326352] rtc_cmos rtc_cmos: rtc core: registered rtc_cmos as rtc0
[   14.390630] input: AT Translated Set 2 keyboard as /devices/platform/i8042/serio0/input/input2
[   14.514143] rtc_cmos rtc_cmos: alarms up to one day, 114 bytes nvram
[   14.621063] i2c /dev entries driver
[   14.744261] device-mapper: uevent: version 1.0.3
[   14.755230] device-mapper: ioctl: 4.35.0-ioctl (2016-06-23) initialised: dm-devel@redhat.com
[   14.850151] ledtrig-cpu: registered to indicate activity on CPUs
[   14.864308] NET: Registered protocol family 10
[   14.929122] Segment Routing with IPv6
[   14.936512] NET: Registered protocol family 17
[   15.021845] Key type dns_resolver registered
[   15.025681] registered taskstats version 1
[   15.029457] Loading compiled-in X.509 certificates
[   15.033608] Loaded X.509 cert 'Build time autogenerated kernel key: 06c1fac8a6c36f62b52678b515bff8741e03ab45'
[   15.134123] zswap: loaded using pool lzo/zbud
[   15.151023] Key type big_key registered
[   15.271810] Key type trusted registered
[   15.362700] Key type encrypted registered
[   15.372460] AppArmor: AppArmor sha1 policy hashing enabled
[   15.511838] ima: No TPM chip found, activating TPM-bypass! (rc=-19)
[   15.522466] evm: HMAC attrs: 0x1
[   15.527524]   Magic number: 13:745:417
[   15.649558] rtc_cmos rtc_cmos: setting system clock to 2017-04-10 06:25:59 UTC (1491805559)
[   15.761302] BIOS EDD facility v0.16 2004-Jun-25, 0 devices found
[   15.764579] EDD information not available.
[   15.769560] Freeing unused kernel memory: 2220K
[   15.770990] Write protecting the kernel read-only data: 14336k
[   15.843275] Freeing unused kernel memory: 1420K
[   15.849028] Freeing unused kernel memory: 264K
[   15.928011] x86/mm: Checked W+X mappings: passed, no W+X pages found.
Loading, please wait...
starting version 229[   16.069485] random: udevadm: uninitialized urandom read (16 bytes read)

[   16.178405] random: systemd-udevd: uninitialized urandom read (16 bytes read)
[   16.293063] random: udevadm: uninitialized urandom read (16 bytes read)
[   16.383434] random: systemd-udevd: uninitialized urandom read (16 bytes read)
[   16.397984] random: systemd-udevd: uninitialized urandom read (16 bytes read)
[   16.530875] random: udevadm: uninitialized urandom read (16 bytes read)
[   16.671258] random: systemd-udevd: uninitialized urandom read (16 bytes read)
[   16.818636] random: udevadm: uninitialized urandom read (16 bytes read)
[   16.858325] random: udevadm: uninitialized urandom read (16 bytes read)
[   16.984799] random: udevadm: uninitialized urandom read (16 bytes read)
[   17.151133] e1000: Intel(R) PRO/1000 Network Driver - version 7.3.21-k8-NAPI
[   17.165321] e1000: Copyright (c) 1999-2006 Intel Corporation.
[   17.366705] AVX version of gcm_enc/dec engaged.
[   17.376070] AES CTR mode by8 optimization enabled
[   17.493666] Fusion MPT base driver 3.04.20
[   17.508720] Copyright (c) 1999-2008 LSI Corporation
[   17.854117] input: ImExPS/2 Generic Explorer Mouse as /devices/platform/i8042/serio1/input/input4
[   17.995699] Fusion MPT SPI Host driver 3.04.20
[   18.388093] e1000 0000:00:03.0 eth0: (PCI:33MHz:32-bit) 02:b8:ba:3c:ca:07
[   18.401292] e1000 0000:00:03.0 eth0: Intel(R) PRO/1000 Network Connection
[   18.473095] mptbase: ioc0: Initiating bringup
[   18.728569] ioc0: LSI53C1030 A0: Capabilities={Initiator}
[   19.013598] scsi host2: ioc0: LSI53C1030 A0, FwRev=00000000h, Ports=1, MaxQ=256, IRQ=20
[   19.245766] scsi 2:0:0:0: Direct-Access     VBOX     HARDDISK         1.0  PQ: 0 ANSI: 5
[   19.250890] scsi target2:0:0: Beginning Domain Validation
[   19.253347] scsi target2:0:0: Domain Validation skipping write tests
[   19.254675] scsi target2:0:0: Ending Domain Validation
[   19.255836] scsi target2:0:0: asynchronous
[   19.257224] scsi 2:0:1:0: Direct-Access     VBOX     HARDDISK         1.0  PQ: 0 ANSI: 5
[   19.258996] scsi target2:0:1: Beginning Domain Validation
[   19.344158] random: fast init done
[   19.348983] scsi target2:0:1: Domain Validation skipping write tests
[   19.413534] scsi target2:0:1: Ending Domain Validation
[   19.614520] scsi target2:0:1: asynchronous
[   19.851214] sd 2:0:0:0: Attached scsi generic sg0 type 0
[   19.870633] sd 2:0:0:0: [sda] 20971520 512-byte logical blocks: (10.7 GB/10.0 GiB)
[   19.881758] sd 2:0:0:0: [sda] Write Protect is off
[   20.094233] sd 2:0:1:0: Attached scsi generic sg1 type 0
[   20.098699] sd 2:0:1:0: [sdb] 20480 512-byte logical blocks: (10.5 MB/10.0 MiB)
[   20.106625] sd 2:0:1:0: [sdb] Write Protect is off
[   20.315430] sd 2:0:0:0: [sda] Incomplete mode parameter data
[   20.323458] sd 2:0:0:0: [sda] Assuming drive cache: write through
[   20.325326] sd 2:0:1:0: [sdb] Incomplete mode parameter data
[   20.492384] sd 2:0:1:0: [sdb] Assuming drive cache: write through
[   20.493947] floppy0: no floppy controllers found
[   20.576978]  sda: sda1
[   20.579897] sd 2:0:0:0: [sda] Attached SCSI disk
[   20.776458] sd 2:0:1:0: [sdb] Attached SCSI disk
[   21.004279] e1000 0000:00:08.0 eth1: (PCI:33MHz:32-bit) 08:00:27:9d:6d:c5
[   21.013690] e1000 0000:00:08.0 eth1: Intel(R) PRO/1000 Network Connection
[   21.027358] e1000 0000:00:03.0 enp0s3: renamed from eth0
[   21.109417] e1000 0000:00:08.0 enp0s8: renamed from eth1
Begin: Loading essential drivers ... [   24.384422] raid6: sse2x1   gen()  6030 MB/s
[   24.476178] raid6: sse2x1   xor()   822 MB/s
[   24.605509] raid6: sse2x2   gen()   694 MB/s
[   24.720999] raid6: sse2x2   xor()   944 MB/s
[   24.859547] raid6: sse2x4   gen()  3451 MB/s
[   25.001931] raid6: sse2x4   xor()   687 MB/s
[   25.006196] raid6: using algorithm sse2x1 gen() 6030 MB/s
[   25.008128] raid6: .... xor() 822 MB/s, rmw enabled
[   25.122904] raid6: using ssse3x2 recovery algorithm
[   25.141540] xor: automatically using best checksumming function   avx       
[   25.251142] async_tx: api initialized (async)
done.
Begin: Running /scripts/init-premount ... done.
Begin: Mounting root file system ... Begin: Running /scripts/local-top ... done.
Begin: Running /scripts/local-premount ... [   25.442504] Btrfs loaded, crc32c=crc32c-intel
Scanning for Btrfs filesystems
done.
Warning: fsck not present, so sk[   25.597607] EXT4-fs (sda1): INFO: recovery required on readonly filesystem
ipping root file[   25.617828] EXT4-fs (sda1): write access will be enabled during recovery
 system
[   25.969235] EXT4-fs (sda1): orphan cleanup on readonly fs
[   25.978609] EXT4-fs (sda1): 1 orphan inode deleted
[   25.980496] EXT4-fs (sda1): recovery complete
[   26.075121] EXT4-fs (sda1): mounted filesystem with ordered data mode. Opts: (null)
done.
Begin: Running /scripts/local-bottom ... done.
Begin: Running /scripts/init-bottom ... done.
[   26.394268] systemd[1]: systemd 229 running in system mode. (+PAM +AUDIT +SELINUX +IMA +APPARMOR +SMACK +SYSVINIT +UTMP +LIBCRYPTSETUP +GCRYPT +GNUTLS +ACL +XZ -LZ4 +SECCOMP +BLKID +ELFUTILS +KMOD -IDN)
[   26.424388] systemd[1]: Detected virtualization oracle.
[   26.498630] systemd[1]: Detected architecture x86-64.

Welcome to [1mUbuntu 16.04.2 LTS[0m!

[   26.508442] systemd[1]: Set hostname to <w3>.
[   26.931053] systemd[1]: Listening on udev Control Socket.
[[0;32m  OK  [0m] Listening on udev Control Socket.
[   26.951216] systemd[1]: Listening on /dev/initctl Compatibility Named Pipe.
[[0;32m  OK  [0m] Listening on /dev/initctl Compatibility Named Pipe.
[   27.122260] systemd[1]: Started Forward Password Requests to Wall Directory Watch.
[[0;32m  OK  [0m] Started Forward Password Requests to Wall Directory Watch.
[   27.244466] systemd[1]: Listening on Syslog Socket.
[[0;32m  OK  [0m] Listening on Syslog Socket.
[   27.329329] systemd[1]: Listening on Device-mapper event daemon FIFOs.
[[0;32m  OK  [0m] Listening on Device-mapper event daemon FIFOs.
[   27.452846] systemd[1]: Listening on Journal Socket (/dev/log).
[[0;32m  OK  [0m] Listening on Journal Socket (/dev/log).
[[0;32m  OK  [0m] Reached target Encrypted Volumes.
[[0;32m  OK  [0m] Listening on LVM2 metadata daemon socket.
[[0;32m  OK  [0m] Set up automount Arbitrary Executab...ats File System Automount Point.
[[0;32m  OK  [0m] Created slice System Slice.
[[0;32m  OK  [0m] Listening on LVM2 poll daemon socket.
[[0;32m  OK  [0m] Listening on udev Kernel Socket.
[[0;32m  OK  [0m] Reached target User and Group Name Lookups.
[[0;32m  OK  [0m] Created slice system-serial\x2dgetty.slice.
[[0;32m  OK  [0m] Started Trigger resolvconf update for networkd DNS.
[[0;32m  OK  [0m] Reached target Swap.
[[0;32m  OK  [0m] Listening on Journal Audit Socket.
[[0;32m  OK  [0m] Created slice User and Session Slice.
[[0;32m  OK  [0m] Reached target Slices.
[[0;32m  OK  [0m] Listening on Journal Socket.
         Starting Nameserver information manager...
         Starting Monitoring of LVM2 mirrors... dmeventd or progress polling...
         Starting Create list of required st... nodes for the current kernel...
         Mounting Debug File System...
         Starting Set console keymap...
         Starting Journal Service...
         Mounting POSIX Message Queue File System...
         Starting Uncomplicated firewall...
         Mounting Huge Pages File System...
         Starting Remount Root and Kernel File Systems...[   27.995368] EXT4-fs (sda1): re-mounted. Opts: (null)

         Starting Load Ke[   28.118867] random: crng init done
rnel Modules...
[[0;32m  OK  [0m] Mounted Huge Pages File System.
[[0;32m  OK  [0[   28.258144] Loading iSCSI transport class v2.0-870.
m] Mounted POSIX[   28.287723] iscsi: registered transport (tcp)
 Message Queue File System.
[[0;32m  OK  [0[   28.374740] iscsi: registered transport (iser)
m] Mounted Debug File System.
[[0;32m  OK  [0m] Started Journal Service.
[[0;32m  OK  [0m] Started Create list of required sta...ce nodes for the current kernel.
[[0;32m  OK  [0m] Started Set console keymap.
[[0;32m  OK  [0m] Started Uncomplicated firewall.
[[0;32m  OK  [0m] Started Remount Root and Kernel File Systems.
[[0;32m  OK  [0m] Started Load Kernel Modules.
[[0;32m  OK  [0m] Started Nameserver information manager.
[[0;32m  OK  [0m] Started LVM2 metadata daemon.
         Mounting FUSE Control File System...
         Mounting Configuration File System...
         Starting Apply Kernel Variables...
         Starting Load/Save Random Seed...
         Starting Initial cloud-init job (pre-networking)...
         Starting udev Coldplug all Devices...
         Starting Create Static Device Nodes in /dev...
         Starting Flush Journal to Persistent Storage...
[[0;32m  OK  [0m] Mounted Configuration File System.
[[0;32m  OK  [0m] Mounted FUSE Control File System.
[[0;32m  OK  [0m] Started Apply Kernel Variables.
[[0;32m  OK  [0m] Started Load/Save Random Seed.
[[0;32m  OK  [0m] Started Create Static Device Nodes in /dev.
         Starting udev Kernel Device Manager...
[[0;32m  OK  [0m] Started udev Kernel Device Manager.
[[0;32m  OK  [0m] Started Flush Journal to Persistent Storage.
[[0;32m  OK  [0m] Started udev Coldplug all Devices.
[[0;32m  OK  [0m] Started Dispatch Password Requests to Console Directory Watch.
[[0;32m  OK  [0m] Started Monitoring of LVM2 mirrors,...ng dmeventd or progress polling.
[[0;32m  OK  [0m] Reached target Local File Systems (Pre).
[[0;32m  OK  [0m] Reached target Local File Systems.
         Starting LSB: AppArmor initialization...
         Starting Create Volatile Files and Directories...
         Starting Set console font and keymap...
         Starting Tell Plymouth To Write Out Runtime Data...
[[0;32m  OK  [0m] Started Create Volatile Files and Directories.
[[0;32m  OK  [0m] Started Tell Plymouth To Write Out Runtime Data.
         Starting Update UTMP about System Boot/Shutdow[[0;32m  OK  [0m] Started Update UTMP about System Boot/Shutdown.
[[0;32m  OK  [0m] Started LSB: AppArmor initialization.
[[0;32m  OK  [0m] Found device /dev/ttyS0.
[   27.093075] cloud-init[468]: Cloud-init v. 0.7.9 running 'init-local' at Mon, 10 Apr 2017 06:26:12 +0000. Up 25.63 seconds.
[[0;32m  OK  [0m] Listening on Load/Save RF Kill Switch Status /dev/rfkill Watch.
[[0;32m  OK  [0m] Started Initial cloud-init job (pre-networking).
[[0;32m  OK  [0m] Reached target Network (Pre).
[[[[0;32m  OK  [0m] Started Initial cloud-init job (pre-networking).
[[0;32m  OK  [0m] Reached target Network (Pre).
[[   25.352980] cloud-init[469]: Cloud-init v. 0.7.9 running 'init-local' at Mon, 10 Apr 2017 06:26:16 +0000. Up 23.51 seconds.
[0;32m  OK  [0m] Started ifup for enp0s8.
         Starting Raise network interfaces...
[[0;32m  OK  [0m] Started ifup for enp0s3.
[[0;32m  OK  [0m] Started Set console font and keymap.
[[0;32m  OK  [0m] Created slice system-getty.slice.
[[0;32m  OK  [0m] Started Raise network interfaces.
         Starting Initial cloud-init job (metadata service crawler)...
[[0;32m  OK  [0m] Reached target Network.
[   29.957533] cloud-init[1056]: Cloud-init v. 0.7.9 running 'init' at Mon, 10 Apr 2017 06:26:22 +0000. Up 29.61 seconds.
[   29.984606] cloud-init[1056]: ci-info: ++++++++++++++++++++++++++++++++++++++Net device info++++++++++++++++++++++++++++++++++++++
[   30.006999] cloud-init[1056]: ci-info: +--------+------+-----------------------------+---------------+-------+-------------------+
[   30.052471] cloud-init[1056]: ci-info: | Device |  Up  |           Address           |      Mask     | Scope |     Hw-Address    |
[[0;32m  OK  [0m[   30.072283] cloud-init[1056]: ci-info: +--------+------+-----------------------------+---------------+-------+-------------------+
[   30.072411] cloud-init[1056]: ci-info: | enp0s8 | True |        192.168.1.243        | 255.255.255.0 |   .   | 08:00:27:9d:6d:c5 |
[   30.072528] cloud-init[1056]: ci-info: | enp0s8 | True | fe80::a00:27ff:fe9d:6dc5/64 |       .       |  link | 08:00:27:9d:6d:c5 |
[   30.072652] cloud-init[1056]: ci-info: |   lo   | True |          127.0.0.1          |   255.0.0.0   |   .   |         .         |
[   30.072751] cloud-init[1056]: ci-info: |   lo   | True |           ::1/128           |       .       |  host |         .         |
[   30.072839] cloud-init[1056]: ci-info: | enp0s3 | True |          10.0.2.15          | 255.255.255.0 |   .   | 02:b8:ba:3c:ca:07 |
[   30.072990] cloud-init[1056]: ci-info: | enp0s3 | True |  fe80::b8:baff:fe3c:ca07/64 |       .       |  link | 02:b8:ba:3c:ca:07 |
[   30.073080] cloud-init[1056]: ci-info: +--------+------+-----------------------------+---------------+-------+-------------------+
[   30.073230] cloud-init[1056]: ci-info: +++++++++++++++++++++++++++Route IPv4 info++++++++++++++++++++++++++++
[   30.073359] cloud-init[1056]: ci-info: +-------+-------------+----------+---------------+-----------+-------+
[   30.073454] cloud-init[1056]: ci-info: | Route | Destination | Gateway  |    Genmask    | Interface | Flags |
[   30.073641] cloud-init[1056]: ci-info: +-------+-------------+----------+---------------+-----------+-------+
[   30.073741] cloud-init[1056]: ci-info: |   0   |   0.0.0.0   | 10.0.2.2 |    0.0.0.0    |   enp0s3  |   UG  |
[   30.073830] cloud-init[1056]: ci-info: |   1   |   10.0.2.0  | 0.0.0.0  | 255.255.255.0 |   enp0s3  |   U   |
[   30.073943] cloud-init[1056]: ci-info: |   2   | 192.168.1.0 | 0.0.0.0  | 255.255.255.0 |   enp0s8  |   U   |
[   30.074030] cloud-init[1056]: ci-info: +-------+-------------+----------+---------------+-----------+-------+
] Started Initial cloud-init job (metadata service crawler).
[[0;32m  OK  [0m] Reached target System Initialization.
[[0;32m  OK  [0m] Listening on UUID daemon activation socket.
[[0;32m  OK  [0m] Started Daily apt activities.
[[0;32m  OK  [0m] Started Timer to automatically refresh installed snaps.
[[0;32m  OK  [0m] Started ACPI Events Check.
[[0;32m  OK  [0m] Reached target Paths.
[[0;32m  OK  [0m] Listening on D-Bus System Message Bus Socket.
         Starting Socket activation for snappy daemon.
[[0;32m  OK  [0m] Listening on ACPID Listen Socket.
         Starting Docker Socket for the API.
[[0;32m  OK  [0m] Started Daily Cleanup of Temporary Directories.
[[0;32m  OK  [0m] Reached target Timers.
         Starting LXD - unix socket.
[[0;32m  OK  [0m] Reached target Network is Online.
         Starting iSCSI initiator daemon (iscsid)...
[[0;32m  OK  [0m] Reached target Cloud-config availability.
[[0;32m  OK  [0m] Listening on Socket activation for snappy daemon.
[[0;32m  OK  [0m] Listening on Docker Socket for the API.
[[0;32m  OK  [0m] Listening on LXD - unix socket.
[[0;32m  OK  [0m] Started iSCSI initiator daemon (iscsid).
         Starting Login to default iSCSI targets...
[[0;32m  OK  [0m] Reached target Sockets.
[[0;32m  OK  [0m] Reached target Basic System.
[[0;32m  OK  [0m] Started Regular background program processing daemon.
         Starting LSB: Record successful boot for GRUB...
         Starting Pollinate to seed the pseudo random number generator...
         Starting Daily apt activities...
         Starting LSB: MD monitoring daemon...
         Starting Apply the settings specified in cloud-config...
         Starting System Logging Service...
         Starting LXD - container startup/shutdown...
[[0;32m  OK  [0m] Started Snappy daemon.
         Starting Auto import assertions from block devices...
         Starting Accounts Service...
         Starting /etc/rc.local Compatibility...
[[0;32m  OK  [0m] Started ACPI event daemon.
         Starting Docker Application Container Engine...
[[0;32m  OK  [0m] Started FUSE filesystem for LXC.
[[0;32m  OK  [0m] Started Deferred execution scheduler.
         Starting Login Service...
[[0;32m  OK  [0m] Started D-Bus System Message Bus.
[[0;32m  OK  [0m] Started System Logging Service.
[[0;1;31mFAILED[0m] Failed to start Pollinate to seed the pseudo random number generator.
See 'systemctl status pollinate.service' for details.
[[0;32m  OK  [0m] Started LXD - container startup/shutdown.
[[0;32m  OK  [0m] Started Auto import assertions from block devices.
[[0;32m  OK  [0m] Started /etc/rc.local Compatibility.
[[0;32m  OK  [0m] Started Login Service.
[[0;32m  OK  [0m] Started LSB: MD monitoring daemon.
         Starting Authenticate and Authorize Users to Run Privileged Tasks...
         Starting OpenBSD Secure Shell server...
[[0;32m  OK  [0m] Started LSB: Record successful boot for GRUB.
[[0;32m  OK  [0m] Started Login to default iSCSI targets.
[[0;32m  OK  [0m] Started Authenticate and Authorize Users to Run Privileged Tasks.
[[0;32m  OK  [0m] Started Accounts Service.
[[0;32m  OK  [0m] Started OpenBSD Secure Shell server.
[[0;32m  OK  [0m] Reached target Remote File Systems (Pre).
[[0;32m  OK  [0m] Reached target Remote File Systems.
         Starting LSB: Set the CPU Frequency Scaling governor to "ondemand"...
         Starting LSB: VirtualBox Linux Additions...
         Starting LSB: daemon to balance interrupts for SMP systems...
         Starting LSB: Set up cgroupfs mounts....
         Starting Permit User Sessions...
         Starting LSB: automatic crash report generation...
[[0;32m  OK  [0m] Started LSB: Set up cgroupfs mounts..
[[0;32m  OK  [0m] Started Permit User Sessions.
         Starting Hold until boot process finishes up...
         Starting Terminate Plymouth Boot Screen...
[[0;32m  OK  [0m] Started LSB: Set the CPU Frequency Scaling governor to "ondemand".
[[0;32m  OK  [0m] Started Hold until boot process finishes up.
[[0;32m  OK  [0m] Started LSB: daemon to balance interrupts for SMP systems.
[[0;32m  OK  [0m] Started LSB: automatic crash report generation.
[[0;32m  OK  [0m] Started Terminate Plymouth Boot Screen.
[[0;32m  OK  [0m] Started Getty on tty1.
         Starting Set console scheme...
[[0;32m  OK  [0m] Started Serial Getty on ttyS0.
[[0;32m  OK  [0m] Reached target Login Prompts.
[[0;32m  OK  [0m] Started Set console scheme.
[[0;32m  OK  [0m] Started LSB: VirtualBox Linux Additions.
[   33.718667] cloud-init[1213]: Cloud-init v. 0.7.9 running 'modules:config' at Mon, 10 Apr 2017 06:26:25 +0000. Up 33.25 seconds.
[[0;32m  OK  [0m] Started Apply the settings specified in cloud-config.
[[0;32m  OK  [0m] Started Docker Application Container Engine.
         Starting Kubelet Server...
[[0;32m  OK  [0m] Started Kubelet Server.
[[0;32m  OK  [0m] Reached target Multi-User System.
         Starting Execute cloud user/final scripts...
[[0;32m  OK  [0m] Reached target Graphical Interface.
         Starting Update UTMP about System Runlevel Changes...
[[0[   40.731504] cloud-init[1818]: Cloud-init v. 0.7.9 running 'modules:final' at Mon, 10 Apr 2017 06:26:27 +0000. Up 40.24 seconds.
[   40.760610] cloud-init[1818]: Cloud-init v. 0.7.9 finished at Mon, 10 Apr 2017 06:26:27 +0000. Datasource DataSourceNoCloud [seed=/dev/sdb][dsmode=net].  Up 40.69 seconds
[[0;32m  OK  [0m] Started Execute cloud user/final scripts.
[[0;32m  OK  [0m] Reached target Cloud-init target.

Ubuntu 16.04.2 LTS w2 ttyS0

w2 login: 
Ubuntu 16.04.2 LTS w1
Ubuntu 16.04.2 LTS w3 ttyS0

w3 login: 